<?xml version="1.0" encoding="UTF-8"?>
<testsuite name="TaskTest" tests="6" skipped="0" failures="0" errors="0" timestamp="2016-05-11T04:37:37" hostname="Jakes-iMac.local" time="0.202">
  <properties/>
  <testcase name="equals_returnsTrueIfDescriptionsAreTheSame" classname="TaskTest" time="0.106"/>
  <testcase name="all_emptyAtFirst" classname="TaskTest" time="0.041"/>
  <testcase name="save_returnsTrueIfDescriptionsAreTheSame" classname="TaskTest" time="0.021"/>
  <testcase name="getDescription_taskInstantiatesWithDescription_String" classname="TaskTest" time="0.008"/>
  <testcase name="save_assignsIdToObject" classname="TaskTest" time="0.019"/>
  <testcase name="Task_instantiatesCorrectly_true" classname="TaskTest" time="0.006"/>
  <system-out><![CDATA[]]></system-out>
  <system-err><![CDATA[]]></system-err>
</testsuite>
