<?xml version="1.0" encoding="UTF-8"?>
<testsuite name="TaskTest" tests="8" skipped="0" failures="0" errors="0" timestamp="2016-05-12T04:39:52" hostname="Jakes-iMac.local" time="0.112">
  <properties/>
  <testcase name="save_savesCategoryIdIntoDB_true" classname="TaskTest" time="0.026"/>
  <testcase name="equals_returnsTrueIfDescriptionsAreTheSame" classname="TaskTest" time="0.005"/>
  <testcase name="all_emptyAtFirst" classname="TaskTest" time="0.01"/>
  <testcase name="save_returnsTrueIfDescriptionsAreTheSame" classname="TaskTest" time="0.017"/>
  <testcase name="getDescription_taskInstantiatesWithDescription_String" classname="TaskTest" time="0.009"/>
  <testcase name="save_assignsIdToObject" classname="TaskTest" time="0.018"/>
  <testcase name="Task_instantiatesCorrectly_true" classname="TaskTest" time="0.006"/>
  <testcase name="find_findsTaskInDatabase_true" classname="TaskTest" time="0.017"/>
  <system-out><![CDATA[]]></system-out>
  <system-err><![CDATA[]]></system-err>
</testsuite>
